C51 COMPILER V9.55   MAIN                                                                  04/19/2017 22:25:28 PAGE 1   


C51 COMPILER V9.55, COMPILATION OF MODULE MAIN
OBJECT MODULE PLACED IN .\Objects\main.obj
COMPILER INVOKED BY: C:\Keil_v5\C51\BIN\C51.EXE main.c OPTIMIZE(8,SPEED) BROWSE INCDIR(C:\Nordic Semiconductor\nRFgo SDK
                    - 2.3.0.10040\source_code\compiler\common;C:\Nordic Semiconductor\nRFgo SDK 2.3.0.10040\source_code\hal\nrf24le1;C:\Nordi
                    -c Semiconductor\nRFgo SDK 2.3.0.10040\source_code\hal;C:\Nordic Semiconductor\nRFgo SDK 2.3.0.10040\source_code\compiler
                    -;.\libraries;C:\Nordic Semiconductor\nRFgo SDK 2.3.0.10040\source_code\compiler\C51) DEBUG OBJECTEXTEND PRINT(.\Listings
                    -\main.lst) TABS(2) OBJECT(.\Objects\main.obj)

line level    source

   1          #include<nrf24le1.h>
   2          #include<nRF-SPIComands.h>
   3          #include<hal_adc.h>
   4          #include<hal_delay.h>
   5          
   6          #define LED P03
   7          #define CMDREAD 0xAA
   8          
   9          void adc_init(){
  10   1        hal_adc_set_input_channel(HAL_ADC_INP_AIN7);                     
  11   1        hal_adc_set_reference(HAL_ADC_REF_VDD);                        
  12   1        hal_adc_set_input_mode(HAL_ADC_SINGLE);                             
  13   1        hal_adc_set_conversion_mode(HAL_ADC_SINGLE_STEP); 
  14   1        //hal_adc_set_sampling_rate(HAL_ADC_8KSPS);
  15   1        //hal_adc_set_power_down_delay(HAL_ADC_PDD_INF);
  16   1        //hal_adc_set_acq_window(HAL_ADC_AQW_36US);
  17   1        hal_adc_set_resolution(HAL_ADC_RES_12BIT);                          
  18   1        hal_adc_set_data_just(HAL_ADC_JUST_RIGHT);  
  19   1      }
  20           
  21          
  22          void setup(){
  23   1        P0DIR = 0xFF; //All input
  24   1        P0DIR &= ~(1<<3); //except the LED
  25   1        LED = 1; delay_ms(500); LED = 0; delay_ms(500); LED = 1; delay_ms(500);
  26   1        rf_init(ADDR_HOST,ADDR_HOST,16,RF_DATA_RATE_2Mbps,RF_TX_POWER_0dBm);
  27   1        adc_init();
  28   1      }
  29          
  30          
  31          void main(){
  32   1        setup();
  33   1        while(1){
  34   2          if(newPayload){
  35   3            if(rx_buf[0] == CMDREAD){
  36   4              //read_and_send_values();
  37   4              hal_adc_start();                                               
  38   4              while(hal_adc_busy()); 
  39   4              tx_buf[0] = hal_adc_read_MSB();
  40   4              tx_buf[1] = hal_adc_read_LSB();
  41   4              TX_Mode_NOACK(2);
  42   4              RX_Mode();
  43   4            }
  44   3            sta = 0;
  45   3            newPayload = 0;
  46   3          }
  47   2        }
  48   1      }


MODULE INFORMATION:   STATIC OVERLAYABLE
C51 COMPILER V9.55   MAIN                                                                  04/19/2017 22:25:28 PAGE 2   

   CODE SIZE        =    654    ----
   CONSTANT SIZE    =      5    ----
   XDATA SIZE       =     65    ----
   PDATA SIZE       =   ----    ----
   DATA SIZE        =      1      21
   IDATA SIZE       =   ----    ----
   BIT SIZE         =      1    ----
END OF MODULE INFORMATION.


C51 COMPILATION COMPLETE.  0 WARNING(S),  0 ERROR(S)
